#
# There is insufficient memory for the Java Runtime Environment to continue.
# Native memory allocation (mmap) failed to map 134217728 bytes for G1 virtual space
# Possible reasons:
#   The system is out of physical RAM or swap space
#   The process is running with CompressedOops enabled, and the Java Heap may be blocking the growth of the native heap
# Possible solutions:
#   Reduce memory load on the system
#   Increase physical memory or swap space
#   Check if swap backing store is full
#   Decrease Java heap size (-Xmx/-Xms)
#   Decrease number of Java threads
#   Decrease Java thread stack sizes (-Xss)
#   Set larger code cache with -XX:ReservedCodeCacheSize=
#   JVM is running with Unscaled Compressed Oops mode in which the Java heap is
#     placed in the first 4GB address space. The Java Heap base address is the
#     maximum limit for the native heap growth. Please use -XX:HeapBaseMinAddress
#     to set the Java Heap base and to place the Java Heap above 4GB virtual address.
# This output file may be truncated or incomplete.
#
#  Out of Memory Error (os_windows.cpp:3469), pid=16352, tid=16144
#
# JRE version:  (17.0.1+12) (build )
# Java VM: OpenJDK 64-Bit Server VM (17.0.1+12, mixed mode, sharing, tiered, compressed oops, compressed class ptrs, g1 gc, windows-amd64)
# No core dump will be written. Minidumps are not enabled by default on client versions of Windows
#

---------------  S U M M A R Y ------------

Command Line: -Dfile.encoding=Cp1252 -XX:+ShowCodeDetailsInExceptionMessages Desafio4.Desafio4

Host: Intel(R) Core(TM) i5-7300U CPU @ 2.60GHz, 4 cores, 7G,  Windows 10 , 64 bit Build 19041 (10.0.19041.1706)
Time: Thu Jun  9 00:48:39 2022 Hora oficial do Brasil elapsed time: 0.275734 seconds (0d 0h 0m 0s)

---------------  T H R E A D  ---------------

Current thread (0x000001f6a6a6c2d0):  JavaThread "Unknown thread" [_thread_in_vm, id=16144, stack(0x000000c17bc00000,0x000000c17bd00000)]

Stack: [0x000000c17bc00000,0x000000c17bd00000]
Native frames: (J=compiled Java code, j=interpreted, Vv=VM code, C=native code)
V  [jvm.dll+0x6744da]
V  [jvm.dll+0x82e144]
V  [jvm.dll+0x82f8ee]
V  [jvm.dll+0x82ff53]
V  [jvm.dll+0x245175]
V  [jvm.dll+0x6714c9]
V  [jvm.dll+0x665f92]
V  [jvm.dll+0x303c3b]
V  [jvm.dll+0x30b176]
V  [jvm.dll+0x35af1e]
V  [jvm.dll+0x35b14f]
V  [jvm.dll+0x2dab78]
V  [jvm.dll+0x2dbae4]
V  [jvm.dll+0x7ffdf1]
V  [jvm.dll+0x368c91]
V  [jvm.dll+0x7df2cc]
V  [jvm.dll+0x3eb59f]
V  [jvm.dll+0x3ed121]
C  [jli.dll+0x5277]
C  [ucrtbase.dll+0x21bb2]
C  [KERNEL32.DLL+0x17034]
C  [ntdll.dll+0x52651]


---------------  P R O C E S S  ---------------

Threads class SMR info:
_java_thread_list=0x00007ffa6c6d4e58, length=0, elements={
}

Java Threads: ( => current thread )

Other Threads:
  0x000001f6a6aab8a0 GCTaskThread "GC Thread#0" [stack: 0x000000c17be00000,0x000000c17bf00000] [id=6652]
  0x000001f6a6abc460 ConcurrentGCThread "G1 Main Marker" [stack: 0x000000c17bf00000,0x000000c17c000000] [id=3032]
  0x000001f6a6abe620 ConcurrentGCThread "G1 Conc#0" [stack: 0x000000c17c000000,0x000000c17c100000] [id=2900]

[error occurred during error reporting (printing all threads), id 0xc0000005, EXCEPTION_ACCESS_VIOLATION (0xc0000005) at pc=0x00007ffa6beab5f7]

VM state: not at safepoint (not fully initialized)

VM Mutex/Monitor currently owned by a thread:  ([mutex/lock_event])
[0x000001f6a6a66f50] Heap_lock - owner thread: 0x000001f6a6a6c2d0

Heap address: 0x0000000081c00000, size: 2020 MB, Compressed Oops mode: 32-bit

CDS archive(s) mapped at: [0x0000000000000000-0x0000000000000000-0x0000000000000000), size 0, SharedBaseAddress: 0x0000000800000000, ArchiveRelocationMode: 0.
Narrow klass base: 0x0000000000000000, Narrow klass shift: 0, Narrow klass range: 0x0

GC Precious Log:
<Empty>

Heap:
 garbage-first heap   total 0K, used 0K [0x0000000081c00000, 0x0000000100000000)
  region size 1024K, 0 young (0K), 0 survivors (0K)

[error occurred during error reporting (printing heap information), id 0xc0000005, EXCEPTION_ACCESS_VIOLATION (0xc0000005) at pc=0x00007ffa6c28d729]

GC Heap History (0 events):
No events

Deoptimization events (0 events):
No events

Classes unloaded (0 events):
No events

Classes redefined (0 events):
No events

Internal exceptions (0 events):
No events

VM Operations (0 events):
No events

Events (1 events):
Event: 0.041 Loaded shared library C:\Users\User\Documents\sts-4.13.0.RELEASE\plugins\org.eclipse.justj.openjdk.hotspot.jre.full.win32.x86_64_17.0.1.v20211116-1657\jre\bin\java.dll


Dynamic libraries:
0x00007ff6ad960000 - 0x00007ff6ad96e000 	C:\Users\User\Documents\sts-4.13.0.RELEASE\plugins\org.eclipse.justj.openjdk.hotspot.jre.full.win32.x86_64_17.0.1.v20211116-1657\jre\bin\javaw.exe
0x00007ffb06c90000 - 0x00007ffb06e85000 	C:\Windows\SYSTEM32\ntdll.dll
0x00007ffb04dc0000 - 0x00007ffb04e7d000 	C:\Windows\System32\KERNEL32.DLL
0x00007ffb047a0000 - 0x00007ffb04a6d000 	C:\Windows\System32\KERNELBASE.dll
0x00007ffb043a0000 - 0x00007ffb044a0000 	C:\Windows\System32\ucrtbase.dll
0x00007ffae07a0000 - 0x00007ffae07b8000 	C:\Users\User\Documents\sts-4.13.0.RELEASE\plugins\org.eclipse.justj.openjdk.hotspot.jre.full.win32.x86_64_17.0.1.v20211116-1657\jre\bin\jli.dll
0x00007ffb058f0000 - 0x00007ffb05a90000 	C:\Windows\System32\USER32.dll
0x00007ffb04520000 - 0x00007ffb04542000 	C:\Windows\System32\win32u.dll
0x00007ffb05040000 - 0x00007ffb0506a000 	C:\Windows\System32\GDI32.dll
0x00007ffb045e0000 - 0x00007ffb046eb000 	C:\Windows\System32\gdi32full.dll
0x00007ffb04a70000 - 0x00007ffb04b0d000 	C:\Windows\System32\msvcp_win.dll
0x00007ffae0670000 - 0x00007ffae0689000 	C:\Users\User\Documents\sts-4.13.0.RELEASE\plugins\org.eclipse.justj.openjdk.hotspot.jre.full.win32.x86_64_17.0.1.v20211116-1657\jre\bin\VCRUNTIME140.dll
0x00007ffaef0c0000 - 0x00007ffaef35a000 	C:\Windows\WinSxS\amd64_microsoft.windows.common-controls_6595b64144ccf1df_6.0.19041.1110_none_60b5254171f9507e\COMCTL32.dll
0x00007ffb04fa0000 - 0x00007ffb0503e000 	C:\Windows\System32\msvcrt.dll
0x00007ffb05a90000 - 0x00007ffb05ac0000 	C:\Windows\System32\IMM32.DLL
0x00007ffae56f0000 - 0x00007ffae56fc000 	C:\Users\User\Documents\sts-4.13.0.RELEASE\plugins\org.eclipse.justj.openjdk.hotspot.jre.full.win32.x86_64_17.0.1.v20211116-1657\jre\bin\vcruntime140_1.dll
0x00007ffab3520000 - 0x00007ffab35b1000 	C:\Users\User\Documents\sts-4.13.0.RELEASE\plugins\org.eclipse.justj.openjdk.hotspot.jre.full.win32.x86_64_17.0.1.v20211116-1657\jre\bin\msvcp140.dll
0x00007ffa6bbc0000 - 0x00007ffa6c806000 	C:\Users\User\Documents\sts-4.13.0.RELEASE\plugins\org.eclipse.justj.openjdk.hotspot.jre.full.win32.x86_64_17.0.1.v20211116-1657\jre\bin\server\jvm.dll
0x00007ffb04e80000 - 0x00007ffb04f2e000 	C:\Windows\System32\ADVAPI32.dll
0x00007ffb06bb0000 - 0x00007ffb06c4c000 	C:\Windows\System32\sechost.dll
0x00007ffb05bd0000 - 0x00007ffb05cf5000 	C:\Windows\System32\RPCRT4.dll
0x00007ffb04f30000 - 0x00007ffb04f38000 	C:\Windows\System32\PSAPI.DLL
0x00007ffaff990000 - 0x00007ffaff999000 	C:\Windows\SYSTEM32\WSOCK32.dll
0x00007ffb05ac0000 - 0x00007ffb05b2b000 	C:\Windows\System32\WS2_32.dll
0x00007ffaeee80000 - 0x00007ffaeeea7000 	C:\Windows\SYSTEM32\WINMM.dll
0x00007ffafb9a0000 - 0x00007ffafb9aa000 	C:\Windows\SYSTEM32\VERSION.dll
0x00007ffb02c30000 - 0x00007ffb02c42000 	C:\Windows\SYSTEM32\kernel.appcore.dll
0x00007ffafa300000 - 0x00007ffafa30a000 	C:\Users\User\Documents\sts-4.13.0.RELEASE\plugins\org.eclipse.justj.openjdk.hotspot.jre.full.win32.x86_64_17.0.1.v20211116-1657\jre\bin\jimage.dll
0x00007ffb02190000 - 0x00007ffb02374000 	C:\Windows\SYSTEM32\DBGHELP.DLL
0x00007ffaf5f30000 - 0x00007ffaf5f5c000 	C:\Windows\SYSTEM32\dbgcore.DLL
0x00007ffb04550000 - 0x00007ffb045d2000 	C:\Windows\System32\bcryptPrimitives.dll
0x00007ffaf27f0000 - 0x00007ffaf2815000 	C:\Users\User\Documents\sts-4.13.0.RELEASE\plugins\org.eclipse.justj.openjdk.hotspot.jre.full.win32.x86_64_17.0.1.v20211116-1657\jre\bin\java.dll

dbghelp: loaded successfully - version: 4.0.5 - missing functions: none
symbol engine: initialized successfully - sym options: 0x614 - pdb path: .;C:\Users\User\Documents\sts-4.13.0.RELEASE\plugins\org.eclipse.justj.openjdk.hotspot.jre.full.win32.x86_64_17.0.1.v20211116-1657\jre\bin;C:\Windows\SYSTEM32;C:\Windows\WinSxS\amd64_microsoft.windows.common-controls_6595b64144ccf1df_6.0.19041.1110_none_60b5254171f9507e;C:\Users\User\Documents\sts-4.13.0.RELEASE\plugins\org.eclipse.justj.openjdk.hotspot.jre.full.win32.x86_64_17.0.1.v20211116-1657\jre\bin\server

VM Arguments:
jvm_args: -Dfile.encoding=Cp1252 -XX:+ShowCodeDetailsInExceptionMessages 
java_command: Desafio4.Desafio4
java_class_path (initial): C:\Users\User\Documents\workspace-spring-tool-suite-4-4.13.0.RELEASE\Desafiotechitau\bin
Launcher Type: SUN_STANDARD

[Global flags]
     intx CICompilerCount                          = 3                                         {product} {ergonomic}
     uint ConcGCThreads                            = 1                                         {product} {ergonomic}
     uint G1ConcRefinementThreads                  = 4                                         {product} {ergonomic}
   size_t G1HeapRegionSize                         = 1048576                                   {product} {ergonomic}
    uintx GCDrainStackTargetSize                   = 64                                        {product} {ergonomic}
   size_t InitialHeapSize                          = 134217728                                 {product} {ergonomic}
   size_t MarkStackSize                            = 4194304                                   {product} {ergonomic}
   size_t MaxHeapSize                              = 2118123520                                {product} {ergonomic}
   size_t MinHeapDeltaBytes                        = 1048576                                   {product} {ergonomic}
   size_t MinHeapSize                              = 8388608                                   {product} {ergonomic}
    uintx NonNMethodCodeHeapSize                   = 5832780                                {pd product} {ergonomic}
    uintx NonProfiledCodeHeapSize                  = 122912730                              {pd product} {ergonomic}
    uintx ProfiledCodeHeapSize                     = 122912730                              {pd product} {ergonomic}
    uintx ReservedCodeCacheSize                    = 251658240                              {pd product} {ergonomic}
     bool SegmentedCodeCache                       = true                                      {product} {ergonomic}
     bool ShowCodeDetailsInExceptionMessages       = true                                   {manageable} {command line}
   size_t SoftMaxHeapSize                          = 2118123520                             {manageable} {ergonomic}
     bool UseCompressedClassPointers               = true                           {product lp64_product} {ergonomic}
     bool UseCompressedOops                        = true                           {product lp64_product} {ergonomic}
     bool UseG1GC                                  = true                                      {product} {ergonomic}
     bool UseLargePagesIndividualAllocation        = false                                  {pd product} {ergonomic}

Logging:
Log output configuration:
 #0: stdout all=warning uptime,level,tags
 #1: stderr all=off uptime,level,tags

Environment Variables:
JAVA_HOME=C:\Program Files\Java\jdk1.8.0_311\bin
PATH=C:/Users/User/Documents/sts-4.13.0.RELEASE//plugins/org.eclipse.justj.openjdk.hotspot.jre.full.win32.x86_64_17.0.1.v20211116-1657/jre/bin/server;C:/Users/User/Documents/sts-4.13.0.RELEASE//plugins/org.eclipse.justj.openjdk.hotspot.jre.full.win32.x86_64_17.0.1.v20211116-1657/jre/bin;C:\Program Files\Common Files\Oracle\Java\javapath;"C:\Program Files\Java\jdk1.8.0_311\bin\bin;C:\Program Files\Common Files\Oracle\Java\javapath";C:\Program Files\Java\jdk1.8.0_311\bin;"C:\Program Files\Java\jdk1.8.0_311\bin\bin;C:\Program Files\Common Files\Oracle\Java\javapath";"C:\Program Files\Java\jdk1.8.0_311\bin\bin;C:\Program Files\Common Files\Oracle\Java\javapath";C:\Windows\system32;C:\Windows;C:\Windows\System32\Wbem;C:\Windows\System32\WindowsPowerShell\v1.0\;C:\Windows\System32\OpenSSH\;C:\ProgramData\UNIVALI\Portugol Studio;C:\Program Files\Git\cmd;C:\Users\User\AppData\Roaming\npn;C:\Program Files\nodejs\;C:\Users\User\AppData\Local\Microsoft\WindowsApps;C:\Users\User\AppData\Local\Programs\Microsoft VS Code\bin;C:\Program Files\heroku\bin;C:\Users\User\AppData\Roaming\npn;C:\Users\User\AppData\Roaming\npm;C:\Users\User\Documents\sts-4.13.0.RELEASE;
USERNAME=Ágatha
OS=Windows_NT
PROCESSOR_IDENTIFIER=Intel64 Family 6 Model 142 Stepping 9, GenuineIntel



---------------  S Y S T E M  ---------------

OS:
 Windows 10 , 64 bit Build 19041 (10.0.19041.1706)
OS uptime: 0 days 11:12 hours

CPU: total 4 (initial active 4) (2 cores per cpu, 2 threads per core) family 6 model 142 stepping 9 microcode 0xca, cx8, cmov, fxsr, ht, mmx, 3dnowpref, sse, sse2, sse3, ssse3, sse4.1, sse4.2, popcnt, lzcnt, tsc, tscinvbit, avx, avx2, aes, erms, clmul, bmi1, bmi2, rtm, adx, fma, vzeroupper, clflush, clflushopt

Memory: 4k page, system-wide physical 8073M (1249M free)
TotalPageFile size 13855M (AvailPageFile size 46M)
current process WorkingSet (physical memory assigned to process): 10M, peak: 10M
current process commit charge ("private bytes"): 51M, peak: 179M

vm_info: OpenJDK 64-Bit Server VM (17.0.1+12) for windows-amd64 JRE (17.0.1+12), built on Oct 20 2021 07:42:55 by "" with MS VC++ 16.7 (VS2019)

END.
